1.6475051209768052e+09	INFO	controller-runtime.metrics	Metrics server is starting to listen	{"addr": ":8040"}
1.6475051209771338e+09	INFO	setup	starting manager
1.647505120977584e+09	INFO	Starting server	{"kind": "health probe", "addr": "[::]:8041"}
1.6475051209775841e+09	INFO	Starting server	{"path": "/metrics", "kind": "metrics", "addr": "[::]:8040"}
1.6475051209777527e+09	INFO	controller.redis	Starting EventSource	{"reconciler group": "redis.redis.opstreelabs.in", "reconciler kind": "Redis", "source": "kind source: *v1beta1.Redis"}
1.6475051209777691e+09	INFO	controller.rediscluster	Starting EventSource	{"reconciler group": "redis.redis.opstreelabs.in", "reconciler kind": "RedisCluster", "source": "kind source: *v1beta1.RedisCluster"}
1.6475051209778056e+09	INFO	controller.redis	Starting Controller	{"reconciler group": "redis.redis.opstreelabs.in", "reconciler kind": "Redis"}
1.6475051209778087e+09	INFO	controller.rediscluster	Starting Controller	{"reconciler group": "redis.redis.opstreelabs.in", "reconciler kind": "RedisCluster"}
1.6475051210788906e+09	INFO	controller.rediscluster	Starting workers	{"reconciler group": "redis.redis.opstreelabs.in", "reconciler kind": "RedisCluster", "worker count": 1}
1.6475051210789425e+09	INFO	controller.redis	Starting workers	{"reconciler group": "redis.redis.opstreelabs.in", "reconciler kind": "Redis", "worker count": 1}
1.6475051511286297e+09	INFO	controllers.RedisCluster	----------Reconciling opstree redis Cluster controller-----------	{"Request.Namespace": "default", "Request.Name": "redis-cluster"}
1.647505151147046e+09	INFO	controller_redis	Redis statefulset get action failed	{"Request.StatefulSet.Namespace": "default", "Request.StatefulSet.Name": "redis-cluster-leader"}
1.6475051511790392e+09	INFO	controller_redis	Redis stateful successfully created	{"Request.StatefulSet.Namespace": "default", "Request.StatefulSet.Name": "redis-cluster-leader"}
1.6475051511856081e+09	INFO	controller_redis	Redis service get action is failed	{"Request.Service.Namespace": "default", "Request.Service.Name": "redis-cluster-leader-headless"}
1.647505151198971e+09	INFO	controller_redis	Redis service creation is successful	{"Request.Service.Namespace": "default", "Request.Service.Name": "redis-cluster-leader-headless"}
1.647505151210424e+09	INFO	controller_redis	Redis service get action is failed	{"Request.Service.Namespace": "default", "Request.Service.Name": "redis-cluster-leader"}
1.6475051512485585e+09	INFO	controller_redis	Redis service creation is successful	{"Request.Service.Namespace": "default", "Request.Service.Name": "redis-cluster-leader"}
1.6475051512535498e+09	INFO	controller_redis	Redis PodDisruptionBudget get action failed	{"Request.PodDisruptionBudget.Namespace": "default", "Request.PodDisruptionBudget.Name": "redis-cluster-leader"}
1.647505151253625e+09	INFO	controller_redis	Reconciliation Successful, no PodDisruptionBudget Found.	{"Request.PodDisruptionBudget.Namespace": "default", "Request.PodDisruptionBudget.Name": "redis-cluster-leader"}
1.6475051512637239e+09	INFO	controller_redis	Redis statefulset get action failed	{"Request.StatefulSet.Namespace": "default", "Request.StatefulSet.Name": "redis-cluster-follower"}
1.64750515128169e+09	INFO	controller_redis	Redis stateful successfully created	{"Request.StatefulSet.Namespace": "default", "Request.StatefulSet.Name": "redis-cluster-follower"}
1.6475051512874477e+09	INFO	controller_redis	Redis service get action is failed	{"Request.Service.Namespace": "default", "Request.Service.Name": "redis-cluster-follower-headless"}
1.6475051513015873e+09	INFO	controller_redis	Redis service creation is successful	{"Request.Service.Namespace": "default", "Request.Service.Name": "redis-cluster-follower-headless"}
1.6475051513149543e+09	INFO	controller_redis	Redis service get action is failed	{"Request.Service.Namespace": "default", "Request.Service.Name": "redis-cluster-follower"}
1.6475051513562808e+09	INFO	controller_redis	Redis service creation is successful	{"Request.Service.Namespace": "default", "Request.Service.Name": "redis-cluster-follower"}
1.6475051513617659e+09	INFO	controller_redis	Redis PodDisruptionBudget get action failed	{"Request.PodDisruptionBudget.Namespace": "default", "Request.PodDisruptionBudget.Name": "redis-cluster-follower"}
1.647505151361824e+09	INFO	controller_redis	Reconciliation Successful, no PodDisruptionBudget Found.	{"Request.PodDisruptionBudget.Namespace": "default", "Request.PodDisruptionBudget.Name": "redis-cluster-follower"}
1.6475051513740041e+09	INFO	controller_redis	Redis statefulset get action was successful	{"Request.StatefulSet.Namespace": "default", "Request.StatefulSet.Name": "redis-cluster-leader"}
1.6475051513837545e+09	INFO	controller_redis	Redis statefulset get action was successful	{"Request.StatefulSet.Namespace": "default", "Request.StatefulSet.Name": "redis-cluster-follower"}
1.6475051513838258e+09	INFO	controllers.RedisCluster	Redis leader and follower nodes are not ready yet	{"Request.Namespace": "default", "Request.Name": "redis-cluster", "Ready.Replicas": "0", "Expected.Replicas": 3}
1.6475051513839917e+09	INFO	controllers.RedisCluster	----------Reconciling opstree redis Cluster controller-----------	{"Request.Namespace": "default", "Request.Name": "redis-cluster"}
1.6475051513925023e+09	INFO	controller_redis	Redis statefulset get action was successful	{"Request.StatefulSet.Namespace": "default", "Request.StatefulSet.Name": "redis-cluster-leader"}
1.647505151399284e+09	INFO	controller_redis	Reconciliation Complete, no Changes required.	{"Request.StatefulSet.Namespace": "default", "Request.StatefulSet.Name": "redis-cluster-leader"}
1.6475051514056048e+09	INFO	controller_redis	Redis service get action is successful	{"Request.Service.Namespace": "default", "Request.Service.Name": "redis-cluster-leader-headless"}
1.6475051514090152e+09	INFO	controller_redis	Redis service is already in-sync	{"Request.Service.Namespace": "default", "Request.Service.Name": "redis-cluster-leader-headless"}
1.647505151420776e+09	INFO	controller_redis	Redis service get action is successful	{"Request.Service.Namespace": "default", "Request.Service.Name": "redis-cluster-leader"}
1.6475051514231913e+09	INFO	controller_redis	Redis service is already in-sync	{"Request.Service.Namespace": "default", "Request.Service.Name": "redis-cluster-leader"}
1.6475051514268422e+09	INFO	controller_redis	Redis PodDisruptionBudget get action failed	{"Request.PodDisruptionBudget.Namespace": "default", "Request.PodDisruptionBudget.Name": "redis-cluster-leader"}
1.6475051514268854e+09	INFO	controller_redis	Reconciliation Successful, no PodDisruptionBudget Found.	{"Request.PodDisruptionBudget.Namespace": "default", "Request.PodDisruptionBudget.Name": "redis-cluster-leader"}
1.6475051514410932e+09	INFO	controller_redis	Redis statefulset get action was successful	{"Request.StatefulSet.Namespace": "default", "Request.StatefulSet.Name": "redis-cluster-follower"}
1.6475051514481473e+09	INFO	controller_redis	Reconciliation Complete, no Changes required.	{"Request.StatefulSet.Namespace": "default", "Request.StatefulSet.Name": "redis-cluster-follower"}
1.647505151454587e+09	INFO	controller_redis	Redis service get action is successful	{"Request.Service.Namespace": "default", "Request.Service.Name": "redis-cluster-follower-headless"}
1.6475051514574828e+09	INFO	controller_redis	Redis service is already in-sync	{"Request.Service.Namespace": "default", "Request.Service.Name": "redis-cluster-follower-headless"}
1.647505151463845e+09	INFO	controller_redis	Redis service get action is successful	{"Request.Service.Namespace": "default", "Request.Service.Name": "redis-cluster-follower"}
1.6475051514671643e+09	INFO	controller_redis	Redis service is already in-sync	{"Request.Service.Namespace": "default", "Request.Service.Name": "redis-cluster-follower"}
1.6475051514706376e+09	INFO	controller_redis	Redis PodDisruptionBudget get action failed	{"Request.PodDisruptionBudget.Namespace": "default", "Request.PodDisruptionBudget.Name": "redis-cluster-follower"}
1.6475051514706945e+09	INFO	controller_redis	Reconciliation Successful, no PodDisruptionBudget Found.	{"Request.PodDisruptionBudget.Namespace": "default", "Request.PodDisruptionBudget.Name": "redis-cluster-follower"}
1.6475051514783888e+09	INFO	controller_redis	Redis statefulset get action was successful	{"Request.StatefulSet.Namespace": "default", "Request.StatefulSet.Name": "redis-cluster-leader"}
1.6475051514880707e+09	INFO	controller_redis	Redis statefulset get action was successful	{"Request.StatefulSet.Namespace": "default", "Request.StatefulSet.Name": "redis-cluster-follower"}
1.647505151488137e+09	INFO	controllers.RedisCluster	Redis leader and follower nodes are not ready yet	{"Request.Namespace": "default", "Request.Name": "redis-cluster", "Ready.Replicas": "0", "Expected.Replicas": 3}
